

Started GET "/" for ::1 at 2016-07-21 10:20:25 +0900
Processing by Rails::WelcomeController#index as HTML
  Rendered /Users/masataka_suzuki/.rvm/gems/ruby-2.0.0-p576/gems/railties-4.2.5/lib/rails/templates/rails/welcome/index.html.erb (2.1ms)
Completed 200 OK in 24ms (Views: 15.5ms | ActiveRecord: 0.0ms)


Started GET "/" for ::1 at 2016-07-21 10:39:18 +0900
Processing by Rails::WelcomeController#index as HTML
  Rendered /Users/masataka_suzuki/.rvm/gems/ruby-2.0.0-p576/gems/railties-4.2.5/lib/rails/templates/rails/welcome/index.html.erb (1.4ms)
Completed 200 OK in 16ms (Views: 8.3ms | ActiveRecord: 0.0ms)


Started GET "/rails/info/properties" for ::1 at 2016-07-21 10:39:22 +0900
Processing by Rails::InfoController#properties as HTML
  Rendered /Users/masataka_suzuki/.rvm/gems/ruby-2.0.0-p576/gems/railties-4.2.5/lib/rails/templates/rails/info/properties.html.erb (0.6ms)
Completed 200 OK in 111ms (Views: 17.1ms | ActiveRecord: 2.2ms)
  [1m[36m (1.2ms)[0m  [1mCREATE TABLE "schema_migrations" ("version" varchar NOT NULL) [0m
  [1m[35m (0.3ms)[0m  select sqlite_version(*)
  [1m[36m (1.1ms)[0m  [1mCREATE UNIQUE INDEX "unique_schema_migrations" ON "schema_migrations" ("version")[0m
  [1m[35mActiveRecord::SchemaMigration Load (0.1ms)[0m  SELECT "schema_migrations".* FROM "schema_migrations"
Migrating to CreateTopics (20160721014358)
  [1m[36m (0.1ms)[0m  [1mbegin transaction[0m
  [1m[35m (0.4ms)[0m  CREATE TABLE "topics" ("id" INTEGER PRIMARY KEY AUTOINCREMENT NOT NULL, "title" varchar, "created_at" datetime NOT NULL, "updated_at" datetime NOT NULL) 
  [1m[36mSQL (0.3ms)[0m  [1mINSERT INTO "schema_migrations" ("version") VALUES (?)[0m  [["version", "20160721014358"]]
  [1m[35m (1.9ms)[0m  commit transaction
  [1m[36mActiveRecord::SchemaMigration Load (0.1ms)[0m  [1mSELECT "schema_migrations".* FROM "schema_migrations"[0m


Started GET "/topics/" for ::1 at 2016-07-21 10:44:42 +0900
  [1m[36mActiveRecord::SchemaMigration Load (0.6ms)[0m  [1mSELECT "schema_migrations".* FROM "schema_migrations"[0m
Processing by TopicsController#index as HTML
  [1m[35mTopic Load (0.8ms)[0m  SELECT "topics".* FROM "topics"
  Rendered topics/index.html.erb within layouts/application (4.4ms)
Completed 200 OK in 1109ms (Views: 1098.9ms | ActiveRecord: 1.1ms)


Started GET "/assets/scaffolds.self-5a94e2944f745a73aed4689ff8bc63eb8fa770fb03683654f4b30fa3754dd018.css?body=1" for ::1 at 2016-07-21 10:44:44 +0900


Started GET "/assets/topics.self-e3b0c44298fc1c149afbf4c8996fb92427ae41e4649b934ca495991b7852b855.css?body=1" for ::1 at 2016-07-21 10:44:44 +0900


Started GET "/assets/application.self-e80e8f2318043e8af94dddc2adad5a4f09739a8ebb323b3ab31cd71d45fd9113.css?body=1" for ::1 at 2016-07-21 10:44:44 +0900


Started GET "/assets/jquery.self-660adc51e0224b731d29f575a6f1ec167ba08ad06ed5deca4f1e8654c135bf4c.js?body=1" for ::1 at 2016-07-21 10:44:44 +0900


Started GET "/assets/jquery_ujs.self-e87806d0cf4489aeb1bb7288016024e8de67fd18db693fe026fe3907581e53cd.js?body=1" for ::1 at 2016-07-21 10:44:44 +0900


Started GET "/assets/turbolinks.self-c5acd7a204f5f25ce7a1d8a0e4d92e28d34c9e2df2c7371cd7af88e147e4ad82.js?body=1" for ::1 at 2016-07-21 10:44:44 +0900


Started GET "/assets/topics.self-877aef30ae1b040ab8a3aba4e3e309a11d7f2612f44dde450b5c157aa5f95c05.js?body=1" for ::1 at 2016-07-21 10:44:44 +0900


Started GET "/assets/application.self-3b8dabdc891efe46b9a144b400ad69e37d7e5876bdc39dee783419a69d7ca819.js?body=1" for ::1 at 2016-07-21 10:44:44 +0900
